c:\users\lewis\documents\personal_projects\game\lkengine\release\lkengine.pch
c:\users\lewis\documents\personal_projects\game\lkengine\release\lkengine.pdb
c:\users\lewis\documents\personal_projects\game\lkengine\release\stdafx.obj
c:\users\lewis\documents\personal_projects\game\lkengine\release\texturecache.obj
c:\users\lewis\documents\personal_projects\game\lkengine\release\spritefont.obj
c:\users\lewis\documents\personal_projects\game\lkengine\release\spritebatch.obj
c:\users\lewis\documents\personal_projects\game\lkengine\release\sprite.obj
c:\users\lewis\documents\personal_projects\game\lkengine\release\shaderprogram.obj
c:\users\lewis\documents\personal_projects\game\lkengine\release\screenlist.obj
c:\users\lewis\documents\personal_projects\game\lkengine\release\resourcemanager.obj
c:\users\lewis\documents\personal_projects\game\lkengine\release\picopng.obj
c:\users\lewis\documents\personal_projects\game\lkengine\release\particleengine2d.obj
c:\users\lewis\documents\personal_projects\game\lkengine\release\particlebatch2d.obj
c:\users\lewis\documents\personal_projects\game\lkengine\release\myerrors.obj
c:\users\lewis\documents\personal_projects\game\lkengine\release\lkengine.obj
c:\users\lewis\documents\personal_projects\game\lkengine\release\iomanager.obj
c:\users\lewis\documents\personal_projects\game\lkengine\release\inputmanager.obj
c:\users\lewis\documents\personal_projects\game\lkengine\release\lmaingame.obj
c:\users\lewis\documents\personal_projects\game\lkengine\release\imageloader.obj
c:\users\lewis\documents\personal_projects\game\lkengine\release\gui.obj
c:\users\lewis\documents\personal_projects\game\lkengine\release\debugrenderer.obj
c:\users\lewis\documents\personal_projects\game\lkengine\release\camera2d.obj
c:\users\lewis\documents\personal_projects\game\lkengine\release\audioengine.obj
c:\users\lewis\documents\personal_projects\game\lkengine\release\window.obj
c:\users\lewis\documents\personal_projects\game\lkengine\release\timing.obj
c:\users\lewis\documents\personal_projects\game\release\lkengine.lib
c:\users\lewis\documents\personal_projects\game\lkengine\release\lkengine.tlog\cl.command.1.tlog
c:\users\lewis\documents\personal_projects\game\lkengine\release\lkengine.tlog\cl.read.1.tlog
c:\users\lewis\documents\personal_projects\game\lkengine\release\lkengine.tlog\cl.write.1.tlog
c:\users\lewis\documents\personal_projects\game\lkengine\release\lkengine.tlog\lib-link.read.1.tlog
c:\users\lewis\documents\personal_projects\game\lkengine\release\lkengine.tlog\lib-link.write.1.tlog
c:\users\lewis\documents\personal_projects\game\lkengine\release\lkengine.tlog\lib.command.1.tlog
