  bullet.cpp
c:\users\lewis\documents\personal_projects\game\bullet_point\bullet.h(4): fatal error C1083: Cannot open include file: 'glm\glm.hpp': No such file or directory
  crosshair.cpp
c:\users\lewis\documents\personal_projects\game\bullet_point\crosshair.h(3): fatal error C1083: Cannot open include file: 'glm\glm.hpp': No such file or directory
  decal.cpp
c:\users\lewis\documents\personal_projects\game\bullet_point\decal.h(4): fatal error C1083: Cannot open include file: 'LKengine\particleEngine2D.h': No such file or directory
  enemies.cpp
c:\users\lewis\documents\personal_projects\game\bullet_point\enemies.h(3): fatal error C1083: Cannot open include file: 'glm\glm.hpp': No such file or directory
  grenade.cpp
grenade.cpp(2): fatal error C1083: Cannot open include file: 'LKengine\resourceManager.h': No such file or directory
  gun.cpp
c:\users\lewis\documents\personal_projects\game\bullet_point\gun.h(3): fatal error C1083: Cannot open include file: 'glm\glm.hpp': No such file or directory
  level.cpp
c:\users\lewis\documents\personal_projects\game\bullet_point\level.h(7): fatal error C1083: Cannot open include file: 'LKengine\spriteBatch.h': No such file or directory
  main.cpp
c:\users\lewis\documents\personal_projects\game\bullet_point\MainGame.h(3): fatal error C1083: Cannot open include file: 'LKengine\audioEngine.h': No such file or directory
  mainGame.cpp
c:\users\lewis\documents\personal_projects\game\bullet_point\MainGame.h(3): fatal error C1083: Cannot open include file: 'LKengine\audioEngine.h': No such file or directory
  player.cpp
c:\users\lewis\documents\personal_projects\game\bullet_point\gun.h(3): fatal error C1083: Cannot open include file: 'glm\glm.hpp': No such file or directory
  waves.cpp
waves.cpp(2): fatal error C1083: Cannot open include file: 'SDL\SDL.h': No such file or directory
  zombie.cpp
c:\users\lewis\documents\personal_projects\game\bullet_point\enemies.h(3): fatal error C1083: Cannot open include file: 'glm\glm.hpp': No such file or directory
