c:\users\lewis\documents\personal projects\game1\lkengine\debug\lkengine.pch
c:\users\lewis\documents\personal projects\game1\lkengine\debug\lkengine.pdb
c:\users\lewis\documents\personal projects\game1\lkengine\debug\lkengine.idb
c:\users\lewis\documents\personal projects\game1\lkengine\debug\stdafx.obj
c:\users\lewis\documents\personal projects\game1\lkengine\debug\inputmanager.obj
c:\users\lewis\documents\personal projects\game1\lkengine\debug\iomanager.obj
c:\users\lewis\documents\personal projects\game1\lkengine\debug\myerrors.obj
c:\users\lewis\documents\personal projects\game1\lkengine\debug\picopng.obj
c:\users\lewis\documents\personal projects\game1\lkengine\debug\screenlist.obj
c:\users\lewis\documents\personal projects\game1\lkengine\debug\timing.obj
c:\users\lewis\documents\personal projects\game1\lkengine\debug\audioengine.obj
c:\users\lewis\documents\personal projects\game1\lkengine\debug\camera2d.obj
c:\users\lewis\documents\personal projects\game1\lkengine\debug\gui.obj
c:\users\lewis\documents\personal projects\game1\lkengine\debug\lkengine.obj
c:\users\lewis\documents\personal projects\game1\lkengine\debug\debugrenderer.obj
c:\users\lewis\documents\personal projects\game1\lkengine\debug\imageloader.obj
c:\users\lewis\documents\personal projects\game1\lkengine\debug\lmaingame.obj
c:\users\lewis\documents\personal projects\game1\lkengine\debug\particlebatch2d.obj
c:\users\lewis\documents\personal projects\game1\lkengine\debug\particleengine2d.obj
c:\users\lewis\documents\personal projects\game1\lkengine\debug\resourcemanager.obj
c:\users\lewis\documents\personal projects\game1\lkengine\debug\shaderprogram.obj
c:\users\lewis\documents\personal projects\game1\lkengine\debug\sprite.obj
c:\users\lewis\documents\personal projects\game1\lkengine\debug\spritebatch.obj
c:\users\lewis\documents\personal projects\game1\lkengine\debug\spritefont.obj
c:\users\lewis\documents\personal projects\game1\lkengine\debug\texturecache.obj
c:\users\lewis\documents\personal projects\game1\lkengine\debug\window.obj
c:\users\lewis\documents\personal projects\game1\debug\lkengine.lib
c:\users\lewis\documents\personal projects\game1\debug\lkengine.pdb
c:\users\lewis\documents\personal projects\game1\lkengine\debug\lkengine.tlog\cl.command.1.tlog
c:\users\lewis\documents\personal projects\game1\lkengine\debug\lkengine.tlog\cl.read.1.tlog
c:\users\lewis\documents\personal projects\game1\lkengine\debug\lkengine.tlog\cl.write.1.tlog
c:\users\lewis\documents\personal projects\game1\lkengine\debug\lkengine.tlog\lib-link.read.1.tlog
c:\users\lewis\documents\personal projects\game1\lkengine\debug\lkengine.tlog\lib-link.write.1.tlog
c:\users\lewis\documents\personal projects\game1\lkengine\debug\lkengine.tlog\lib.command.1.tlog
